<?xml version="1.0" encoding="UTF-8" standalone="no"?>
<testsuite failures="0" name="cucumber.runtime.formatter.JUnitFormatter" skipped="0" tests="4" time="0.079273">
<testcase classname="Free CRM app test" name="free crm create deal test" time="0.078467">
<system-out><![CDATA[Given user is on deal page..................................................passed
When user fills the deals form..............................................passed
Then deal is created........................................................passed
]]></system-out>
</testcase>
<testcase classname="Free CRM app test" name="free crm create contact test" time="0.000265">
<system-out><![CDATA[Given user is on contact page...............................................passed
When user fills the contact form............................................passed
Then contact is created.....................................................passed
]]></system-out>
</testcase>
<testcase classname="Free CRM app test" name="free crm create mail test" time="0.000221">
<system-out><![CDATA[Given user is on mail page..................................................passed
When user fills the mail form...............................................passed
Then mail is created........................................................passed
]]></system-out>
</testcase>
<testcase classname="Free CRM app test" name="free crm create mail test 2" time="0.00032">
<system-out><![CDATA[Given user is on mail page..................................................passed
When user fills the mail form...............................................passed
Then mail is created........................................................passed
]]></system-out>
</testcase>
</testsuite>
